[2018-01-14 13:17:13] test_logger.CRITICAL: Argument 1 passed to UserEntity::__construct() must be of the type array, boolean given, called in /var/www/html/sandbox/api/src/App/UserMapper.php on line 22 [] []
[2018-01-14 13:24:18] test_logger.CRITICAL: Argument 1 passed to UserEntity::__construct() must be of the type array, boolean given, called in /var/www/html/sandbox/api/src/App/UserMapper.php on line 22 [] []
[2018-01-14 13:24:58] test_logger.CRITICAL: Argument 1 passed to UserEntity::__construct() must be of the type array, boolean given, called in /var/www/html/sandbox/api/src/App/UserMapper.php on line 22 [] []
[2018-01-14 13:25:33] test_logger.CRITICAL: Argument 1 passed to UserEntity::__construct() must be of the type array, boolean given, called in /var/www/html/sandbox/api/src/App/UserMapper.php on line 22 [] []
[2018-01-14 13:25:34] test_logger.CRITICAL: Argument 1 passed to UserEntity::__construct() must be of the type array, boolean given, called in /var/www/html/sandbox/api/src/App/UserMapper.php on line 22 [] []
[2018-01-14 13:26:08] test_logger.CRITICAL: Argument 1 passed to UserEntity::__construct() must be of the type array, boolean given, called in /var/www/html/sandbox/api/src/App/UserMapper.php on line 22 [] []
[2018-01-14 13:26:44] test_logger.CRITICAL: Argument 1 passed to UserEntity::__construct() must be of the type array, boolean given, called in /var/www/html/sandbox/api/src/App/UserMapper.php on line 22 [] []
[2018-01-14 13:26:55] test_logger.CRITICAL: Argument 1 passed to UserEntity::__construct() must be of the type array, boolean given, called in /var/www/html/sandbox/api/src/App/UserMapper.php on line 22 [] []
[2018-01-14 13:26:57] test_logger.CRITICAL: Argument 1 passed to UserEntity::__construct() must be of the type array, boolean given, called in /var/www/html/sandbox/api/src/App/UserMapper.php on line 22 [] []
[2018-01-14 13:27:11] test_logger.CRITICAL: Argument 1 passed to UserEntity::__construct() must be of the type array, boolean given, called in /var/www/html/sandbox/api/src/App/UserMapper.php on line 22 [] []
[2018-01-14 13:28:08] test_logger.CRITICAL: Argument 1 passed to UserEntity::__construct() must be of the type array, boolean given, called in /var/www/html/sandbox/api/src/App/UserMapper.php on line 22 [] []
[2018-01-14 13:28:08] test_logger.CRITICAL: Argument 1 passed to UserEntity::__construct() must be of the type array, boolean given, called in /var/www/html/sandbox/api/src/App/UserMapper.php on line 22 [] []
[2018-01-14 13:45:24] test_logger.CRITICAL: Cannot use object of type UserEntity as array [] []
[2018-01-14 13:45:31] test_logger.CRITICAL: Cannot use object of type UserEntity as array [] []
[2018-01-14 13:46:14] test_logger.CRITICAL: Cannot use object of type UserEntity as array [] []
[2018-01-14 13:57:44] test_logger.CRITICAL: Class 'Manager' not found [] []
[2018-01-14 13:58:09] test_logger.CRITICAL: Class 'App\UserTransformer' not found [] []
[2018-01-14 13:59:22] test_logger.CRITICAL: Class 'src\App\UserTransformer' not found [] []
[2018-01-14 13:59:46] test_logger.CRITICAL: Class 'src\App\UserTransformer' not found [] []
[2018-01-14 14:00:03] test_logger.CRITICAL: Class 'UserTransformer' not found [] []
[2018-01-14 14:00:14] test_logger.CRITICAL: Class 'UserTransformer' not found [] []
[2018-01-14 14:00:49] test_logger.CRITICAL: Class 'App\UserTransformer' not found [] []
[2018-01-14 14:00:58] test_logger.CRITICAL: Class 'src\App\UserTransformer' not found [] []
[2018-01-14 14:07:26] test_logger.CRITICAL: Class 'ArraySerializer' not found [] []
[2018-01-14 14:29:03] test_logger.CRITICAL: Class name must be a valid object or a string [] []
[2018-01-14 14:29:21] test_logger.CRITICAL: Argument 1 passed to UserTransformer::transform() must be an instance of UserEntity, string given, called in /var/www/html/sandbox/api/vendor/league/fractal/src/Scope.php on line 338 [] []
[2018-01-14 14:31:24] test_logger.CRITICAL: Argument 1 passed to UserTransformer::transform() must be of the type array, string given, called in /var/www/html/sandbox/api/vendor/league/fractal/src/Scope.php on line 338 [] []
[2018-01-14 14:32:38] test_logger.CRITICAL: Argument 1 passed to UserTransformer::transform() must be of the type array, string given, called in /var/www/html/sandbox/api/vendor/league/fractal/src/Scope.php on line 338 [] []
[2018-01-14 14:34:46] test_logger.CRITICAL: Argument 1 passed to Closure::{closure}() must be of the type array, string given [] []
[2018-01-14 14:35:23] test_logger.CRITICAL: Argument 1 passed to Closure::{closure}() must be of the type array, string given [] []
[2018-01-14 14:36:35] test_logger.CRITICAL: Argument 1 passed to Closure::{closure}() must be of the type array, string given [] []
[2018-01-14 14:36:36] test_logger.CRITICAL: Argument 1 passed to Closure::{closure}() must be of the type array, string given [] []
[2018-01-14 14:39:03] test_logger.CRITICAL: Argument 1 passed to Closure::{closure}() must be of the type array, string given [] []
[2018-01-14 14:43:40] test_logger.CRITICAL: Argument 1 passed to Closure::{closure}() must be of the type array, string given [] []
[2018-01-14 14:48:40] test_logger.CRITICAL: Argument 1 passed to UserTransformer::transform() must be of the type array, boolean given, called in /var/www/html/sandbox/api/vendor/league/fractal/src/Scope.php on line 338 [] []
[2018-01-14 14:48:40] test_logger.CRITICAL: Argument 1 passed to UserTransformer::transform() must be of the type array, boolean given, called in /var/www/html/sandbox/api/vendor/league/fractal/src/Scope.php on line 338 [] []
[2018-01-14 14:50:36] test_logger.CRITICAL: Argument 1 passed to UserTransformer::transform() must be of the type array, boolean given, called in /var/www/html/sandbox/api/vendor/league/fractal/src/Scope.php on line 338 [] []
[2018-01-14 14:51:02] test_logger.CRITICAL: Argument 1 passed to UserTransformer::transform() must be of the type array, boolean given, called in /var/www/html/sandbox/api/vendor/league/fractal/src/Scope.php on line 338 [] []
[2018-01-14 14:51:30] test_logger.CRITICAL: Argument 1 passed to UserTransformer::transform() must be of the type array, boolean given, called in /var/www/html/sandbox/api/vendor/league/fractal/src/Scope.php on line 338 [] []
[2018-01-14 14:52:19] test_logger.CRITICAL: Argument 1 passed to UserTransformer::transform() must be of the type array, boolean given, called in /var/www/html/sandbox/api/vendor/league/fractal/src/Scope.php on line 338 [] []
[2018-01-14 17:21:36] test_logger.CRITICAL: Argument 1 passed to UserTransformer::transform() must be of the type array, boolean given, called in /var/www/html/sandbox/api/vendor/league/fractal/src/Scope.php on line 338 [] []
[2018-01-14 17:21:36] test_logger.CRITICAL: Argument 1 passed to UserTransformer::transform() must be of the type array, boolean given, called in /var/www/html/sandbox/api/vendor/league/fractal/src/Scope.php on line 338 [] []
[2018-01-14 17:22:39] test_logger.CRITICAL: Argument 1 passed to UserTransformer::transform() must be of the type array, boolean given, called in /var/www/html/sandbox/api/vendor/league/fractal/src/Scope.php on line 338 [] []
[2018-01-14 17:24:51] test_logger.CRITICAL: Argument 1 passed to UserTransformer::transform() must be of the type array, boolean given, called in /var/www/html/sandbox/api/vendor/league/fractal/src/Scope.php on line 338 [] []
[2018-01-14 17:24:52] test_logger.CRITICAL: Argument 1 passed to UserTransformer::transform() must be of the type array, boolean given, called in /var/www/html/sandbox/api/vendor/league/fractal/src/Scope.php on line 338 [] []
[2018-01-14 17:25:10] test_logger.CRITICAL: Argument 1 passed to UserTransformer::transform() must be of the type array, boolean given, called in /var/www/html/sandbox/api/vendor/league/fractal/src/Scope.php on line 338 [] []
[2018-01-14 17:25:36] test_logger.CRITICAL: Argument 1 passed to UserTransformer::transform() must be of the type array, boolean given, called in /var/www/html/sandbox/api/vendor/league/fractal/src/Scope.php on line 338 [] []
[2018-01-14 17:25:58] test_logger.CRITICAL: Cannot use object of type League\Fractal\Resource\Collection as array [] []
[2018-01-14 17:26:16] test_logger.CRITICAL: Cannot use object of type League\Fractal\Resource\Collection as array [] []
[2018-01-14 17:26:17] test_logger.CRITICAL: Cannot use object of type League\Fractal\Resource\Collection as array [] []
[2018-01-14 17:26:29] test_logger.CRITICAL: Argument 1 passed to UserTransformer::transform() must be of the type array, boolean given, called in /var/www/html/sandbox/api/vendor/league/fractal/src/Scope.php on line 338 [] []
[2018-01-14 17:27:22] test_logger.CRITICAL: Argument 1 passed to UserTransformer::transform() must be of the type array, boolean given, called in /var/www/html/sandbox/api/vendor/league/fractal/src/Scope.php on line 338 [] []
[2018-01-14 17:29:36] test_logger.CRITICAL: Argument 1 passed to UserTransformer::transform() must be of the type array, boolean given, called in /var/www/html/sandbox/api/vendor/league/fractal/src/Scope.php on line 338 [] []
[2018-01-14 17:34:11] test_logger.CRITICAL: Argument 1 passed to UserTransformer::transform() must be of the type array, boolean given, called in /var/www/html/sandbox/api/vendor/league/fractal/src/Scope.php on line 338 [] []
[2018-01-14 17:34:15] test_logger.CRITICAL: Argument 1 passed to UserTransformer::transform() must be of the type array, boolean given, called in /var/www/html/sandbox/api/vendor/league/fractal/src/Scope.php on line 338 [] []
[2018-01-14 17:37:41] test_logger.CRITICAL: Argument 1 passed to UserTransformer::transform() must be of the type array, boolean given, called in /var/www/html/sandbox/api/vendor/league/fractal/src/Scope.php on line 338 [] []
[2018-01-14 17:37:42] test_logger.CRITICAL: Argument 1 passed to UserTransformer::transform() must be of the type array, boolean given, called in /var/www/html/sandbox/api/vendor/league/fractal/src/Scope.php on line 338 [] []
[2018-01-14 17:40:45] test_logger.CRITICAL: Argument 1 passed to UserTransformer::transform() must be of the type array, boolean given, called in /var/www/html/sandbox/api/vendor/league/fractal/src/Scope.php on line 338 [] []
[2018-01-14 17:42:42] test_logger.CRITICAL: syntax error, unexpected '[', expecting '(' [] []
[2018-01-14 17:43:39] test_logger.CRITICAL: Argument 1 passed to UserTransformer::transform() must be of the type array, boolean given, called in /var/www/html/sandbox/api/vendor/league/fractal/src/Scope.php on line 338 [] []
[2018-01-14 17:45:37] test_logger.CRITICAL: Argument 1 passed to UserTransformer::transform() must be of the type array, boolean given, called in /var/www/html/sandbox/api/vendor/league/fractal/src/Scope.php on line 338 [] []
[2018-01-14 17:45:37] test_logger.CRITICAL: Argument 1 passed to UserTransformer::transform() must be of the type array, boolean given, called in /var/www/html/sandbox/api/vendor/league/fractal/src/Scope.php on line 338 [] []
[2018-01-14 17:48:32] test_logger.CRITICAL: Argument 1 passed to UserTransformer::transform() must be of the type array, boolean given, called in /var/www/html/sandbox/api/vendor/league/fractal/src/Scope.php on line 338 [] []
[2018-01-14 17:50:35] test_logger.CRITICAL: Argument 1 passed to UserTransformer::transform() must be of the type array, boolean given, called in /var/www/html/sandbox/api/vendor/league/fractal/src/Scope.php on line 338 [] []
[2018-01-14 17:50:35] test_logger.CRITICAL: Argument 1 passed to UserTransformer::transform() must be of the type array, boolean given, called in /var/www/html/sandbox/api/vendor/league/fractal/src/Scope.php on line 338 [] []
[2018-01-14 17:51:30] test_logger.CRITICAL: Argument 1 passed to UserTransformer::transform() must be of the type array, boolean given, called in /var/www/html/sandbox/api/vendor/league/fractal/src/Scope.php on line 338 [] []
[2018-01-14 17:51:31] test_logger.CRITICAL: Argument 1 passed to UserTransformer::transform() must be of the type array, boolean given, called in /var/www/html/sandbox/api/vendor/league/fractal/src/Scope.php on line 338 [] []
[2018-01-14 18:08:09] test_logger.CRITICAL: Argument 1 passed to Slim\Handlers\NotAllowed::__invoke() must be an instance of Slim\Handlers\Request, instance of Slim\Http\Request given, called in /var/www/html/sandbox/api/vendor/slim/slim/Slim/App.php on line 502 [] []
